<?xml version="1.0" encoding="UTF-8"?>
<Site BuildName="(empty)"
	BuildStamp="20260715-1201-Experimental"
	Name="ake-ThinkStation-K-C2490"
	Generator="ctest-3.22.1"
	CompilerName="/usr/bin/c++"
	CompilerVersion="11.4.0"
	OSName="Linux"
	Hostname="ake-ThinkStation-K-C2490"
	OSRelease="6.8.0-124-generic"
	OSVersion="#124~22.04.1-Ubuntu SMP PREEMPT_DYNAMIC Tue May 26 21:05:19 UTC "
	OSPlatform="x86_64"
	Is64Bits="1"
	VendorString="GenuineIntel"
	VendorID="Intel Corporation"
	FamilyID="6"
	ModelID="151"
	ProcessorCacheSize="25600"
	NumberOfLogicalCPU="20"
	NumberOfPhysicalCPU="12"
	TotalVirtualMemory="2047"
	TotalPhysicalMemory="15702"
	LogicalProcessorsPerPhysical="1"
	ProcessorClockFrequency="800"
	>
	<Testing>
		<StartDateTime>Jul 15 20:01 CST</StartDateTime>
		<StartTestTime>1784116888</StartTestTime>
		<TestList>
			<Test>./test_planner</Test>
		</TestList>
		<Test Status="passed">
			<Name>test_planner</Name>
			<Path>.</Path>
			<FullName>./test_planner</FullName>
			<FullCommandLine>/usr/bin/python3 "-u" "/opt/ros/humble/share/ament_cmake_test/cmake/run_test.py" "/home/ake/sim_drone/ake_drone_sim/build/drone_planner/test_results/drone_planner/test_planner.gtest.xml" "--package-name" "drone_planner" "--output-file" "/home/ake/sim_drone/ake_drone_sim/build/drone_planner/ament_cmake_gtest/test_planner.txt" "--command" "/home/ake/sim_drone/ake_drone_sim/build/drone_planner/test_planner" "--gtest_output=xml:/home/ake/sim_drone/ake_drone_sim/build/drone_planner/test_results/drone_planner/test_planner.gtest.xml"</FullCommandLine>
			<Results>
				<NamedMeasurement type="numeric/double" name="Execution Time">
					<Value>5.93351</Value>
				</NamedMeasurement>
				<NamedMeasurement type="numeric/double" name="Processors">
					<Value>1</Value>
				</NamedMeasurement>
				<NamedMeasurement type="text/string" name="Completion Status">
					<Value>Completed</Value>
				</NamedMeasurement>
				<NamedMeasurement type="text/string" name="Command Line">
					<Value>/usr/bin/python3 "-u" "/opt/ros/humble/share/ament_cmake_test/cmake/run_test.py" "/home/ake/sim_drone/ake_drone_sim/build/drone_planner/test_results/drone_planner/test_planner.gtest.xml" "--package-name" "drone_planner" "--output-file" "/home/ake/sim_drone/ake_drone_sim/build/drone_planner/ament_cmake_gtest/test_planner.txt" "--command" "/home/ake/sim_drone/ake_drone_sim/build/drone_planner/test_planner" "--gtest_output=xml:/home/ake/sim_drone/ake_drone_sim/build/drone_planner/test_results/drone_planner/test_planner.gtest.xml"</Value>
				</NamedMeasurement>
				<NamedMeasurement type="text/string" name="Environment">
					<Value>#CTEST_RESOURCE_GROUP_COUNT=</Value>
				</NamedMeasurement>
				<Measurement>
					<Value>-- run_test.py: invoking following command in '/home/ake/sim_drone/ake_drone_sim/build/drone_planner':
 - /home/ake/sim_drone/ake_drone_sim/build/drone_planner/test_planner --gtest_output=xml:/home/ake/sim_drone/ake_drone_sim/build/drone_planner/test_results/drone_planner/test_planner.gtest.xml
Running main() from /opt/ros/humble/src/gtest_vendor/src/gtest_main.cc
[==========] Running 3 tests from 3 test suites.
[----------] Global test environment set-up.
[----------] 1 test from AStar3D
[ RUN      ] AStar3D.FindsVerticalDetour
[       OK ] AStar3D.FindsVerticalDetour (315 ms)
[----------] 1 test from AStar3D (315 ms total)

[----------] 1 test from PlanningPipeline
[ RUN      ] PlanningPipeline.FiveObstacleSplineIsSafe
[       OK ] PlanningPipeline.FiveObstacleSplineIsSafe (5570 ms)
[----------] 1 test from PlanningPipeline (5570 ms total)

[----------] 1 test from BSpline
[ RUN      ] BSpline.ArcLengthRoundTrip
[       OK ] BSpline.ArcLengthRoundTrip (2 ms)
[----------] 1 test from BSpline (2 ms total)

[----------] Global test environment tear-down
[==========] 3 tests from 3 test suites ran. (5887 ms total)
[  PASSED  ] 3 tests.
-- run_test.py: return code 0
-- run_test.py: inject classname prefix into gtest result file '/home/ake/sim_drone/ake_drone_sim/build/drone_planner/test_results/drone_planner/test_planner.gtest.xml'
-- run_test.py: verify result file '/home/ake/sim_drone/ake_drone_sim/build/drone_planner/test_results/drone_planner/test_planner.gtest.xml'
</Value>
				</Measurement>
			</Results>
			<Labels>
				<Label>gtest</Label>
			</Labels>
		</Test>
		<EndDateTime>Jul 15 20:01 CST</EndDateTime>
		<EndTestTime>1784116894</EndTestTime>
		<ElapsedMinutes>0</ElapsedMinutes>
	</Testing>
</Site>
