Start testing: Jul 15 20:10 CST
----------------------------------------------------------
1/1 Testing: test_planner
1/1 Test: test_planner
Command: "/usr/bin/python3" "-u" "/opt/ros/humble/share/ament_cmake_test/cmake/run_test.py" "/home/ake/sim_drone/ake_drone_sim/build/drone_planner/test_results/drone_planner/test_planner.gtest.xml" "--package-name" "drone_planner" "--output-file" "/home/ake/sim_drone/ake_drone_sim/build/drone_planner/ament_cmake_gtest/test_planner.txt" "--command" "/home/ake/sim_drone/ake_drone_sim/build/drone_planner/test_planner" "--gtest_output=xml:/home/ake/sim_drone/ake_drone_sim/build/drone_planner/test_results/drone_planner/test_planner.gtest.xml"
Directory: /home/ake/sim_drone/ake_drone_sim/build/drone_planner
"test_planner" start time: Jul 15 20:10 CST
Output:
----------------------------------------------------------
-- run_test.py: invoking following command in '/home/ake/sim_drone/ake_drone_sim/build/drone_planner':
 - /home/ake/sim_drone/ake_drone_sim/build/drone_planner/test_planner --gtest_output=xml:/home/ake/sim_drone/ake_drone_sim/build/drone_planner/test_results/drone_planner/test_planner.gtest.xml
Running main() from /opt/ros/humble/src/gtest_vendor/src/gtest_main.cc
[==========] Running 3 tests from 3 test suites.
[----------] Global test environment set-up.
[----------] 1 test from AStar3D
[ RUN      ] AStar3D.FindsVerticalDetour
[       OK ] AStar3D.FindsVerticalDetour (311 ms)
[----------] 1 test from AStar3D (312 ms total)

[----------] 1 test from PlanningPipeline
[ RUN      ] PlanningPipeline.FiveObstacleSplineIsSafe
[       OK ] PlanningPipeline.FiveObstacleSplineIsSafe (5590 ms)
[----------] 1 test from PlanningPipeline (5590 ms total)

[----------] 1 test from BSpline
[ RUN      ] BSpline.ArcLengthRoundTrip
[       OK ] BSpline.ArcLengthRoundTrip (1 ms)
[----------] 1 test from BSpline (1 ms total)

[----------] Global test environment tear-down
[==========] 3 tests from 3 test suites ran. (5903 ms total)
[  PASSED  ] 3 tests.
-- run_test.py: return code 0
-- run_test.py: inject classname prefix into gtest result file '/home/ake/sim_drone/ake_drone_sim/build/drone_planner/test_results/drone_planner/test_planner.gtest.xml'
-- run_test.py: verify result file '/home/ake/sim_drone/ake_drone_sim/build/drone_planner/test_results/drone_planner/test_planner.gtest.xml'
<end of output>
Test time =   5.96 sec
----------------------------------------------------------
Test Passed.
"test_planner" end time: Jul 15 20:10 CST
"test_planner" time elapsed: 00:00:05
----------------------------------------------------------

End testing: Jul 15 20:10 CST

gtest =   5.96 sec*proc

