<?xml version="1.0" encoding="UTF-8"?>
<testsuites tests="2" failures="0" disabled="0" errors="0" time="5.791" timestamp="2026-07-13T00:49:25" name="AllTests">
  <testsuite name="AStar3D" tests="1" failures="0" disabled="0" errors="0" time="0.309" timestamp="2026-07-13T00:49:25">
    <testcase name="FindsVerticalDetour" status="run" result="completed" time="0.309" timestamp="2026-07-13T00:49:25" classname="drone_planner.AStar3D" />
  </testsuite>
  <testsuite name="PlanningPipeline" tests="1" failures="0" disabled="0" errors="0" time="5.482" timestamp="2026-07-13T00:49:25">
    <testcase name="FiveObstacleSplineIsSafe" status="run" result="completed" time="5.482" timestamp="2026-07-13T00:49:25" classname="drone_planner.PlanningPipeline" />
  </testsuite>
</testsuites>
