<?xml version="1.0" encoding="UTF-8"?>
<testsuites tests="3" failures="0" disabled="0" errors="0" time="5.903" timestamp="2026-07-15T20:10:37" name="AllTests">
  <testsuite name="AStar3D" tests="1" failures="0" disabled="0" errors="0" time="0.312" timestamp="2026-07-15T20:10:37">
    <testcase name="FindsVerticalDetour" status="run" result="completed" time="0.311" timestamp="2026-07-15T20:10:37" classname="drone_planner.AStar3D" />
  </testsuite>
  <testsuite name="PlanningPipeline" tests="1" failures="0" disabled="0" errors="0" time="5.59" timestamp="2026-07-15T20:10:37">
    <testcase name="FiveObstacleSplineIsSafe" status="run" result="completed" time="5.59" timestamp="2026-07-15T20:10:37" classname="drone_planner.PlanningPipeline" />
  </testsuite>
  <testsuite name="BSpline" tests="1" failures="0" disabled="0" errors="0" time="0.001" timestamp="2026-07-15T20:10:43">
    <testcase name="ArcLengthRoundTrip" status="run" result="completed" time="0.001" timestamp="2026-07-15T20:10:43" classname="drone_planner.BSpline" />
  </testsuite>
</testsuites>
