<?xml version="1.0" encoding="UTF-8"?>
<Site BuildName="(empty)"
	BuildStamp="20260715-1201-Experimental"
	Name="ake-ThinkStation-K-C2490"
	Generator="ctest-3.22.1"
	CompilerName="/usr/bin/c++"
	CompilerVersion="11.4.0"
	OSName="Linux"
	Hostname="ake-ThinkStation-K-C2490"
	OSRelease="6.8.0-124-generic"
	OSVersion="#124~22.04.1-Ubuntu SMP PREEMPT_DYNAMIC Tue May 26 21:05:19 UTC "
	OSPlatform="x86_64"
	Is64Bits="1"
	VendorString="GenuineIntel"
	VendorID="Intel Corporation"
	FamilyID="6"
	ModelID="151"
	ProcessorCacheSize="25600"
	NumberOfLogicalCPU="20"
	NumberOfPhysicalCPU="12"
	TotalVirtualMemory="2047"
	TotalPhysicalMemory="15702"
	LogicalProcessorsPerPhysical="1"
	ProcessorClockFrequency="2410.64"
	>
	<Testing>
		<StartDateTime>Jul 15 20:01 CST</StartDateTime>
		<StartTestTime>1784116888</StartTestTime>
		<TestList>
			<Test>./test_dynamics</Test>
		</TestList>
		<Test Status="passed">
			<Name>test_dynamics</Name>
			<Path>.</Path>
			<FullName>./test_dynamics</FullName>
			<FullCommandLine>/usr/bin/python3 "-u" "/opt/ros/humble/share/ament_cmake_test/cmake/run_test.py" "/home/ake/sim_drone/ake_drone_sim/build/drone_dynamics/test_results/drone_dynamics/test_dynamics.gtest.xml" "--package-name" "drone_dynamics" "--output-file" "/home/ake/sim_drone/ake_drone_sim/build/drone_dynamics/ament_cmake_gtest/test_dynamics.txt" "--command" "/home/ake/sim_drone/ake_drone_sim/build/drone_dynamics/test_dynamics" "--gtest_output=xml:/home/ake/sim_drone/ake_drone_sim/build/drone_dynamics/test_results/drone_dynamics/test_dynamics.gtest.xml"</FullCommandLine>
			<Results>
				<NamedMeasurement type="numeric/double" name="Execution Time">
					<Value>0.0684445</Value>
				</NamedMeasurement>
				<NamedMeasurement type="numeric/double" name="Processors">
					<Value>1</Value>
				</NamedMeasurement>
				<NamedMeasurement type="text/string" name="Completion Status">
					<Value>Completed</Value>
				</NamedMeasurement>
				<NamedMeasurement type="text/string" name="Command Line">
					<Value>/usr/bin/python3 "-u" "/opt/ros/humble/share/ament_cmake_test/cmake/run_test.py" "/home/ake/sim_drone/ake_drone_sim/build/drone_dynamics/test_results/drone_dynamics/test_dynamics.gtest.xml" "--package-name" "drone_dynamics" "--output-file" "/home/ake/sim_drone/ake_drone_sim/build/drone_dynamics/ament_cmake_gtest/test_dynamics.txt" "--command" "/home/ake/sim_drone/ake_drone_sim/build/drone_dynamics/test_dynamics" "--gtest_output=xml:/home/ake/sim_drone/ake_drone_sim/build/drone_dynamics/test_results/drone_dynamics/test_dynamics.gtest.xml"</Value>
				</NamedMeasurement>
				<NamedMeasurement type="text/string" name="Environment">
					<Value>#CTEST_RESOURCE_GROUP_COUNT=</Value>
				</NamedMeasurement>
				<Measurement>
					<Value>-- run_test.py: invoking following command in '/home/ake/sim_drone/ake_drone_sim/build/drone_dynamics':
 - /home/ake/sim_drone/ake_drone_sim/build/drone_dynamics/test_dynamics --gtest_output=xml:/home/ake/sim_drone/ake_drone_sim/build/drone_dynamics/test_results/drone_dynamics/test_dynamics.gtest.xml
Running main() from /opt/ros/humble/src/gtest_vendor/src/gtest_main.cc
[==========] Running 2 tests from 1 test suite.
[----------] Global test environment set-up.
[----------] 2 tests from Dynamics
[ RUN      ] Dynamics.EqualMotorsProduceNoTorque
[       OK ] Dynamics.EqualMotorsProduceNoTorque (8 ms)
[ RUN      ] Dynamics.QuaternionRemainsNormalized
[       OK ] Dynamics.QuaternionRemainsNormalized (17 ms)
[----------] 2 tests from Dynamics (25 ms total)

[----------] Global test environment tear-down
[==========] 2 tests from 1 test suite ran. (26 ms total)
[  PASSED  ] 2 tests.
-- run_test.py: return code 0
-- run_test.py: inject classname prefix into gtest result file '/home/ake/sim_drone/ake_drone_sim/build/drone_dynamics/test_results/drone_dynamics/test_dynamics.gtest.xml'
-- run_test.py: verify result file '/home/ake/sim_drone/ake_drone_sim/build/drone_dynamics/test_results/drone_dynamics/test_dynamics.gtest.xml'
</Value>
				</Measurement>
			</Results>
			<Labels>
				<Label>gtest</Label>
			</Labels>
		</Test>
		<EndDateTime>Jul 15 20:01 CST</EndDateTime>
		<EndTestTime>1784116888</EndTestTime>
		<ElapsedMinutes>0</ElapsedMinutes>
	</Testing>
</Site>
